<?xml version="1.0" encoding="UTF-8"?>
<!-- Generated by org.testng.reporters.JUnitReportReporter -->
<testsuite hostname="ManjuMohar" failures="0" tests="3" name="com.gopro.qa.testcases.LoginPageTest" time="20.292" errors="0" timestamp="2024-04-14T17:43:25 IST" skipped="0">
  <testcase classname="com.gopro.qa.testcases.LoginPageTest" name="loginTest" time="7.428"/>
  <system-out/>
  <testcase classname="com.gopro.qa.testcases.LoginPageTest" name="ValidateLoginTitlePage" time="4.344"/>
  <system-out/>
  <testcase classname="com.gopro.qa.testcases.LoginPageTest" name="VerifyLogoImage" time="8.520"/>
  <system-out/>
</testsuite> <!-- com.gopro.qa.testcases.LoginPageTest -->
