<?xml version="1.0" encoding="UTF-8"?>
<!-- Generated by org.testng.reporters.JUnitReportReporter -->
<testsuite hostname="ManjuMohar" failures="0" tests="1" name="com.gopro.qa.testcases.TestSignUpPage" time="8.169" errors="0" timestamp="2024-04-14T16:46:30 IST" skipped="0">
  <testcase classname="com.gopro.qa.testcases.TestSignUpPage" name="TestSignUp" time="8.169"/>
  <system-out/>
</testsuite> <!-- com.gopro.qa.testcases.TestSignUpPage -->
