<?xml version="1.0" encoding="UTF-8"?>
<!-- Generated by org.testng.reporters.JUnitReportReporter -->
<testsuite hostname="ManjuMohar" failures="0" tests="2" name="com.gopro.qa.testcases.TestContactUs" time="16.893" errors="0" timestamp="2024-04-14T16:46:30 IST" skipped="0">
  <testcase classname="com.gopro.qa.testcases.TestContactUs" name="ContactUsTest" time="9.502"/>
  <system-out/>
  <testcase classname="com.gopro.qa.testcases.TestContactUs" name="ContactUsTest" time="7.391"/>
  <system-out/>
</testsuite> <!-- com.gopro.qa.testcases.TestContactUs -->
